<?xml version="1.0" encoding="UTF-8"?>
<!-- Generated by org.testng.reporters.JUnitXMLReporter -->
<testsuite hostname="DESKTOP-VTBT3RG" ignored="0" name="Test1" tests="3" failures="0" timestamp="2021-10-02T10:34:27 IST" time="0.006" errors="0">
  <testcase name="Testcase1" time="0.001" classname="pck.Mavnproject.secondclasstestng"/>
  <testcase name="Testcase0" time="0.001" classname="pck.Mavnproject.testngannotations"/>
  <testcase name="Testcase1" time="0.0" classname="pck.Mavnproject.testngannotations"/>
</testsuite> <!-- Test1 -->
