<?xml version="1.0" encoding="UTF-8"?>
<testng-results skipped="0" failed="0" ignored="0" total="2" passed="2">
  <reporter-output>
  </reporter-output>
  <suite name="Default suite" duration-ms="5080" started-at="2021-10-08T08:45:56 IST" finished-at="2021-10-08T08:46:01 IST">
    <groups>
    </groups>
    <test name="Default test" duration-ms="5080" started-at="2021-10-08T08:45:56 IST" finished-at="2021-10-08T08:46:01 IST">
      <class name="pck.Mavnproject.extenreportvalidation">
        <test-method status="PASS" signature="beforesuite()[pri:0, instance:pck.Mavnproject.extenreportvalidation@eb21112]" name="beforesuite" is-config="true" duration-ms="148" started-at="2021-10-08T08:45:56 IST" finished-at="2021-10-08T08:45:56 IST">
          <reporter-output>
          </reporter-output>
        </test-method> <!-- beforesuite -->
        <test-method status="PASS" signature="beforeclass()[pri:0, instance:pck.Mavnproject.extenreportvalidation@eb21112]" name="beforeclass" is-config="true" duration-ms="1" started-at="2021-10-08T08:45:56 IST" finished-at="2021-10-08T08:45:56 IST">
          <reporter-output>
          </reporter-output>
        </test-method> <!-- beforeclass -->
        <test-method status="PASS" signature="Testcase0()[pri:0, instance:pck.Mavnproject.extenreportvalidation@eb21112]" name="Testcase0" duration-ms="3598" started-at="2021-10-08T08:45:56 IST" finished-at="2021-10-08T08:45:59 IST">
          <reporter-output>
          </reporter-output>
        </test-method> <!-- Testcase0 -->
        <test-method status="PASS" signature="Testcase1()[pri:1, instance:pck.Mavnproject.extenreportvalidation@eb21112]" name="Testcase1" duration-ms="1442" started-at="2021-10-08T08:45:59 IST" finished-at="2021-10-08T08:46:01 IST">
          <reporter-output>
          </reporter-output>
        </test-method> <!-- Testcase1 -->
        <test-method status="PASS" signature="aftertest()[pri:0, instance:pck.Mavnproject.extenreportvalidation@eb21112]" name="aftertest" is-config="true" duration-ms="934" started-at="2021-10-08T08:46:01 IST" finished-at="2021-10-08T08:46:02 IST">
          <reporter-output>
          </reporter-output>
        </test-method> <!-- aftertest -->
      </class> <!-- pck.Mavnproject.extenreportvalidation -->
    </test> <!-- Default test -->
  </suite> <!-- Default suite -->
</testng-results>
